2025-01-05 20:35:06.389 [main] INFO  t.TC01_login - **Starting TC01_Login****
2025-01-05 20:35:09.567 [main] INFO  t.TC01_login - **Executed TC01_Login Test****
2025-01-05 20:35:15.693 [main] INFO  t.TC02_logindatadriven - **Starting TC02_Login Data Driven Test****
2025-01-05 20:35:16.173 [main] INFO  t.TC02_logindatadriven - **successfully logged in with valid creds****
2025-01-05 20:35:17.485 [main] INFO  t.TC02_logindatadriven - ** Executed TC02_Login Data Driven Test****
2025-01-05 20:35:18.336 [main] INFO  t.TC02_logindatadriven - **Starting TC02_Login Data Driven Test****
2025-01-05 20:35:29.648 [main] INFO  t.TC02_logindatadriven - ** Executed TC02_Login Data Driven Test****
2025-01-05 20:35:30.500 [main] INFO  t.TC02_logindatadriven - **Starting TC02_Login Data Driven Test****
2025-01-05 20:35:41.814 [main] INFO  t.TC02_logindatadriven - ** Executed TC02_Login Data Driven Test****
2025-01-05 20:35:48.383 [main] INFO  t.TC03_productList - **Starting TC03_ProductList**
2025-01-05 20:35:49.017 [main] INFO  t.TC03_productList - **TC03_Product list is displayed**
2025-01-05 20:35:50.595 [main] INFO  t.TC03_productList - **TC03_Product image is displayed.**
2025-01-05 20:35:52.248 [main] INFO  t.TC03_productList - **TC03_Product name is displayed.**
2025-01-05 20:35:54.215 [main] INFO  t.TC03_productList - **TC03_Product price is displayed.**
2025-01-05 20:35:56.303 [main] INFO  t.TC03_productList - **TC03_Product image is displayed.**
2025-01-05 20:35:58.196 [main] INFO  t.TC03_productList - **TC03_Product name is displayed.**
2025-01-05 20:35:59.932 [main] INFO  t.TC03_productList - **TC03_Product price is displayed.**
2025-01-05 20:36:01.685 [main] INFO  t.TC03_productList - **TC03_Product image is displayed.**
2025-01-05 20:36:03.421 [main] INFO  t.TC03_productList - **TC03_Product name is displayed.**
2025-01-05 20:36:05.225 [main] INFO  t.TC03_productList - **TC03_Product price is displayed.**
2025-01-05 20:36:07.024 [main] INFO  t.TC03_productList - **TC03_Product image is displayed.**
2025-01-05 20:36:09.023 [main] INFO  t.TC03_productList - **TC03_Product name is displayed.**
2025-01-05 20:36:11.018 [main] INFO  t.TC03_productList - **TC03_Product price is displayed.**
2025-01-05 20:36:12.960 [main] INFO  t.TC03_productList - **TC03_Product image is displayed.**
2025-01-05 20:36:15.251 [main] INFO  t.TC03_productList - **TC03_Product name is displayed.**
2025-01-05 20:36:17.417 [main] INFO  t.TC03_productList - **TC03_Product price is displayed.**
2025-01-05 20:36:19.220 [main] INFO  t.TC03_productList - **TC03_Product image is displayed.**
2025-01-05 20:36:20.964 [main] INFO  t.TC03_productList - **TC03_Product name is displayed.**
2025-01-05 20:36:23.008 [main] INFO  t.TC03_productList - **TC03_Product price is displayed.**
2025-01-05 20:36:50.445 [main] INFO  t.TC04_AddProducttoCart - **Starting TC04_AddProductToCart**
2025-01-05 20:36:51.264 [main] INFO  t.TC04_AddProducttoCart - Product 1 added to cart.
2025-01-05 20:36:51.392 [main] INFO  t.TC04_AddProducttoCart - Product 2 added to cart.
2025-01-05 20:36:51.520 [main] INFO  t.TC04_AddProducttoCart - Product 3 added to cart.
2025-01-05 20:36:52.847 [main] INFO  t.TC04_AddProducttoCart - Cart Opened Successfully
2025-01-05 20:36:53.043 [main] INFO  t.TC04_AddProducttoCart - All products verified in the cart successfully.
2025-01-05 20:36:53.043 [main] INFO  t.TC04_AddProducttoCart - **Executed TC04_AddProductToCart Test**
2025-01-05 20:37:02.118 [main] INFO  t.TC01_login - **Starting TC01_Login****
2025-01-05 20:37:04.176 [main] INFO  t.TC01_login - **Executed TC01_Login Test****
2025-01-05 20:37:10.351 [main] INFO  t.TC02_logindatadriven - **Starting TC02_Login Data Driven Test****
2025-01-05 20:37:11.216 [main] INFO  t.TC02_logindatadriven - **successfully logged in with valid creds****
2025-01-05 20:37:11.934 [main] INFO  t.TC02_logindatadriven - ** Executed TC02_Login Data Driven Test****
2025-01-05 20:37:12.168 [main] INFO  t.TC02_logindatadriven - **Starting TC02_Login Data Driven Test****
2025-01-05 20:37:23.008 [main] INFO  t.TC02_logindatadriven - ** Executed TC02_Login Data Driven Test****
2025-01-05 20:37:23.243 [main] INFO  t.TC02_logindatadriven - **Starting TC02_Login Data Driven Test****
2025-01-05 20:37:34.220 [main] INFO  t.TC02_logindatadriven - ** Executed TC02_Login Data Driven Test****
2025-01-05 20:37:40.351 [main] INFO  t.TC03_productList - **Starting TC03_ProductList**
2025-01-05 20:37:41.414 [main] INFO  t.TC03_productList - **TC03_Product list is displayed**
2025-01-05 20:37:41.957 [main] INFO  t.TC03_productList - **TC03_Product image is displayed.**
2025-01-05 20:37:42.264 [main] INFO  t.TC03_productList - **TC03_Product name is displayed.**
2025-01-05 20:37:42.616 [main] INFO  t.TC03_productList - **TC03_Product price is displayed.**
2025-01-05 20:37:42.900 [main] INFO  t.TC03_productList - **TC03_Product image is displayed.**
2025-01-05 20:37:43.178 [main] INFO  t.TC03_productList - **TC03_Product name is displayed.**
2025-01-05 20:37:43.477 [main] INFO  t.TC03_productList - **TC03_Product price is displayed.**
2025-01-05 20:37:43.816 [main] INFO  t.TC03_productList - **TC03_Product image is displayed.**
2025-01-05 20:37:44.108 [main] INFO  t.TC03_productList - **TC03_Product name is displayed.**
2025-01-05 20:37:44.447 [main] INFO  t.TC03_productList - **TC03_Product price is displayed.**
2025-01-05 20:37:44.857 [main] INFO  t.TC03_productList - **TC03_Product image is displayed.**
2025-01-05 20:37:45.197 [main] INFO  t.TC03_productList - **TC03_Product name is displayed.**
2025-01-05 20:37:45.517 [main] INFO  t.TC03_productList - **TC03_Product price is displayed.**
2025-01-05 20:37:45.798 [main] INFO  t.TC03_productList - **TC03_Product image is displayed.**
2025-01-05 20:37:46.093 [main] INFO  t.TC03_productList - **TC03_Product name is displayed.**
2025-01-05 20:37:46.409 [main] INFO  t.TC03_productList - **TC03_Product price is displayed.**
2025-01-05 20:37:46.698 [main] INFO  t.TC03_productList - **TC03_Product image is displayed.**
2025-01-05 20:37:47.011 [main] INFO  t.TC03_productList - **TC03_Product name is displayed.**
2025-01-05 20:37:47.335 [main] INFO  t.TC03_productList - **TC03_Product price is displayed.**
2025-01-05 20:37:53.922 [main] INFO  t.TC04_AddProducttoCart - **Starting TC04_AddProductToCart**
2025-01-05 20:37:54.856 [main] INFO  t.TC04_AddProducttoCart - Product 1 added to cart.
2025-01-05 20:37:55.053 [main] INFO  t.TC04_AddProducttoCart - Product 2 added to cart.
2025-01-05 20:37:55.283 [main] INFO  t.TC04_AddProducttoCart - Product 3 added to cart.
2025-01-05 20:37:55.666 [main] INFO  t.TC04_AddProducttoCart - Cart Opened Successfully
2025-01-05 20:37:55.976 [main] INFO  t.TC04_AddProducttoCart - All products verified in the cart successfully.
2025-01-05 20:37:55.976 [main] INFO  t.TC04_AddProducttoCart - **Executed TC04_AddProductToCart Test**
